Determining if the pthread_create exist failed with the following output:
Change Dir: /home/glm/src/Poseidon/src/workspace/build/CMakeFiles/CMakeTmp

Run Build Command:"/usr/bin/make" "cmTC_af2c7/fast"
/usr/bin/make -f CMakeFiles/cmTC_af2c7.dir/build.make CMakeFiles/cmTC_af2c7.dir/build
make[1]: Entering directory '/home/glm/src/Poseidon/src/workspace/build/CMakeFiles/CMakeTmp'
Building C object CMakeFiles/cmTC_af2c7.dir/CheckSymbolExists.c.o
/usr/bin/cc     -o CMakeFiles/cmTC_af2c7.dir/CheckSymbolExists.c.o   -c /home/glm/src/Poseidon/src/workspace/build/CMakeFiles/CMakeTmp/CheckSymbolExists.c
Linking C executable cmTC_af2c7
/usr/bin/cmake -E cmake_link_script CMakeFiles/cmTC_af2c7.dir/link.txt --verbose=1
/usr/bin/cc       CMakeFiles/cmTC_af2c7.dir/CheckSymbolExists.c.o  -o cmTC_af2c7 -rdynamic 
CMakeFiles/cmTC_af2c7.dir/CheckSymbolExists.c.o: In function `main':
CheckSymbolExists.c:(.text+0x1b): undefined reference to `pthread_create'
collect2: error: ld returned 1 exit status
CMakeFiles/cmTC_af2c7.dir/build.make:97: recipe for target 'cmTC_af2c7' failed
make[1]: *** [cmTC_af2c7] Error 1
make[1]: Leaving directory '/home/glm/src/Poseidon/src/workspace/build/CMakeFiles/CMakeTmp'
Makefile:126: recipe for target 'cmTC_af2c7/fast' failed
make: *** [cmTC_af2c7/fast] Error 2

File /home/glm/src/Poseidon/src/workspace/build/CMakeFiles/CMakeTmp/CheckSymbolExists.c:
/* */
#include <pthread.h>

int main(int argc, char** argv)
{
  (void)argv;
#ifndef pthread_create
  return ((int*)(&pthread_create))[argc];
#else
  (void)argc;
  return 0;
#endif
}

Determining if the function pthread_create exists in the pthreads failed with the following output:
Change Dir: /home/glm/src/Poseidon/src/workspace/build/CMakeFiles/CMakeTmp

Run Build Command:"/usr/bin/make" "cmTC_76ffb/fast"
/usr/bin/make -f CMakeFiles/cmTC_76ffb.dir/build.make CMakeFiles/cmTC_76ffb.dir/build
make[1]: Entering directory '/home/glm/src/Poseidon/src/workspace/build/CMakeFiles/CMakeTmp'
Building C object CMakeFiles/cmTC_76ffb.dir/CheckFunctionExists.c.o
/usr/bin/cc    -DCHECK_FUNCTION_EXISTS=pthread_create   -o CMakeFiles/cmTC_76ffb.dir/CheckFunctionExists.c.o   -c /usr/share/cmake-3.7/Modules/CheckFunctionExists.c
Linking C executable cmTC_76ffb
/usr/bin/cmake -E cmake_link_script CMakeFiles/cmTC_76ffb.dir/link.txt --verbose=1
/usr/bin/cc   -DCHECK_FUNCTION_EXISTS=pthread_create    CMakeFiles/cmTC_76ffb.dir/CheckFunctionExists.c.o  -o cmTC_76ffb -rdynamic -lpthreads 
/usr/bin/ld: cannot find -lpthreads
collect2: error: ld returned 1 exit status
CMakeFiles/cmTC_76ffb.dir/build.make:97: recipe for target 'cmTC_76ffb' failed
make[1]: *** [cmTC_76ffb] Error 1
make[1]: Leaving directory '/home/glm/src/Poseidon/src/workspace/build/CMakeFiles/CMakeTmp'
Makefile:126: recipe for target 'cmTC_76ffb/fast' failed
make: *** [cmTC_76ffb/fast] Error 2


