Determining if the pthread_create exist failed with the following output:
Change Dir: /home/glm/src/Poseidon/build/CMakeFiles/CMakeTmp

Run Build Command:"/usr/bin/make" "cmTC_def7d/fast"
/usr/bin/make -f CMakeFiles/cmTC_def7d.dir/build.make CMakeFiles/cmTC_def7d.dir/build
make[1]: Entering directory '/home/glm/src/Poseidon/build/CMakeFiles/CMakeTmp'
Building C object CMakeFiles/cmTC_def7d.dir/CheckSymbolExists.c.o
/usr/bin/cc     -o CMakeFiles/cmTC_def7d.dir/CheckSymbolExists.c.o   -c /home/glm/src/Poseidon/build/CMakeFiles/CMakeTmp/CheckSymbolExists.c
Linking C executable cmTC_def7d
/usr/bin/cmake -E cmake_link_script CMakeFiles/cmTC_def7d.dir/link.txt --verbose=1
/usr/bin/cc       CMakeFiles/cmTC_def7d.dir/CheckSymbolExists.c.o  -o cmTC_def7d -rdynamic 
CMakeFiles/cmTC_def7d.dir/CheckSymbolExists.c.o: In function `main':
CheckSymbolExists.c:(.text+0x1b): undefined reference to `pthread_create'
collect2: error: ld returned 1 exit status
CMakeFiles/cmTC_def7d.dir/build.make:97: recipe for target 'cmTC_def7d' failed
make[1]: *** [cmTC_def7d] Error 1
make[1]: Leaving directory '/home/glm/src/Poseidon/build/CMakeFiles/CMakeTmp'
Makefile:126: recipe for target 'cmTC_def7d/fast' failed
make: *** [cmTC_def7d/fast] Error 2

File /home/glm/src/Poseidon/build/CMakeFiles/CMakeTmp/CheckSymbolExists.c:
/* */
#include <pthread.h>

int main(int argc, char** argv)
{
  (void)argv;
#ifndef pthread_create
  return ((int*)(&pthread_create))[argc];
#else
  (void)argc;
  return 0;
#endif
}

Determining if the function pthread_create exists in the pthreads failed with the following output:
Change Dir: /home/glm/src/Poseidon/build/CMakeFiles/CMakeTmp

Run Build Command:"/usr/bin/make" "cmTC_77e21/fast"
/usr/bin/make -f CMakeFiles/cmTC_77e21.dir/build.make CMakeFiles/cmTC_77e21.dir/build
make[1]: Entering directory '/home/glm/src/Poseidon/build/CMakeFiles/CMakeTmp'
Building C object CMakeFiles/cmTC_77e21.dir/CheckFunctionExists.c.o
/usr/bin/cc    -DCHECK_FUNCTION_EXISTS=pthread_create   -o CMakeFiles/cmTC_77e21.dir/CheckFunctionExists.c.o   -c /usr/share/cmake-3.7/Modules/CheckFunctionExists.c
Linking C executable cmTC_77e21
/usr/bin/cmake -E cmake_link_script CMakeFiles/cmTC_77e21.dir/link.txt --verbose=1
/usr/bin/cc   -DCHECK_FUNCTION_EXISTS=pthread_create    CMakeFiles/cmTC_77e21.dir/CheckFunctionExists.c.o  -o cmTC_77e21 -rdynamic -lpthreads 
/usr/bin/ld: cannot find -lpthreads
collect2: error: ld returned 1 exit status
CMakeFiles/cmTC_77e21.dir/build.make:97: recipe for target 'cmTC_77e21' failed
make[1]: *** [cmTC_77e21] Error 1
make[1]: Leaving directory '/home/glm/src/Poseidon/build/CMakeFiles/CMakeTmp'
Makefile:126: recipe for target 'cmTC_77e21/fast' failed
make: *** [cmTC_77e21/fast] Error 2


