FILE_TYPE=LIBRARY_PARTS;
PRIMITIVE 'OKI_78SR_3.3_1.5_W36H_C';
  PIN
    'POSITIVE_INPUT':
      PIN_NUMBER='(1)';
      NO_LOAD_CHECK=BOTH;
      NO_IO_CHECK=BOTH;
      ALLOW_CONNECT=TRUE;
      PINUSE='UNSPEC';
    'COMMON_(GND)':
      PIN_NUMBER='(2)';
      NO_LOAD_CHECK=BOTH;
      NO_IO_CHECK=BOTH;
      ALLOW_CONNECT=TRUE;
      PINUSE='UNSPEC';
    'POSITIVE_OUTPUT':
      PIN_NUMBER='(3)';
      NO_LOAD_CHECK=BOTH;
      NO_IO_CHECK=BOTH;
      ALLOW_CONNECT=TRUE;
      PINUSE='UNSPEC';
  END_PIN;
  BODY
    PART_NAME='OKI_78SR_3.3_1.5_W36H_C';
    PHYS_DES_PREFIX='PS';
    NO_LOAD_CHECK='TRUE';
    PIN_COUNT='3';
    BODY_NAME='OKI_78SR_3.3_1.5_W36H_C';
    JEDEC_TYPE='OKI78SR3315W36HC';
  END_BODY;
END_PRIMITIVE;
END.
