## Footprint report - date 19/02/2020 08:56:34
## Created by Pcbnew version kicad (5.1.5)-3
## Unit = mm, Angle = deg.

$BeginDESCRIPTION

$BOARD
upper_left_corner 19.994999 18.392500
lower_right_corner 120.165001 120.005001
$EndBOARD

$MODULE "U2"
reference "U2"
value "MCP3426-xSN"
footprint "Package_SO:SOIC-8_3.9x4.9mm_P1.27mm"
attribut smd
position 38.316600 55.106800  orientation 270.00
layer front
$PAD "8"
Shape Roundrect Layer front
position  2.475000 -1.905000  size  1.950000  0.600000  orientation 0.00
drill  0.000000
shape_offset  0.000000  0.000000
$EndPAD
$PAD "7"
Shape Roundrect Layer front
position  2.475000 -0.635000  size  1.950000  0.600000  orientation 0.00
drill  0.000000
shape_offset  0.000000  0.000000
$EndPAD
$PAD "6"
Shape Roundrect Layer front
position  2.475000  0.635000  size  1.950000  0.600000  orientation 0.00
drill  0.000000
shape_offset  0.000000  0.000000
$EndPAD
$PAD "5"
Shape Roundrect Layer front
position  2.475000  1.905000  size  1.950000  0.600000  orientation 0.00
drill  0.000000
shape_offset  0.000000  0.000000
$EndPAD
$PAD "4"
Shape Roundrect Layer front
position -2.475000  1.905000  size  1.950000  0.600000  orientation 0.00
drill  0.000000
shape_offset  0.000000  0.000000
$EndPAD
$PAD "3"
Shape Roundrect Layer front
position -2.475000  0.635000  size  1.950000  0.600000  orientation 0.00
drill  0.000000
shape_offset  0.000000  0.000000
$EndPAD
$PAD "2"
Shape Roundrect Layer front
position -2.475000 -0.635000  size  1.950000  0.600000  orientation 0.00
drill  0.000000
shape_offset  0.000000  0.000000
$EndPAD
$PAD "1"
Shape Roundrect Layer front
position -2.475000 -1.905000  size  1.950000  0.600000  orientation 0.00
drill  0.000000
shape_offset  0.000000  0.000000
$EndPAD
$EndMODULE  U2

$MODULE "J8"
reference "J8"
value "Conn_01x05"
footprint "Connector_PinHeader_2.54mm:PinHeader_1x05_P2.54mm_Vertical"
attribut none
position 48.260000 113.030000  orientation 270.00
layer front
$PAD "5"
Shape Oval Layer both
position  0.000000 10.160000  size  1.700000  1.700000  orientation 0.00
drill  1.000000
shape_offset  0.000000  0.000000
$EndPAD
$PAD "4"
Shape Oval Layer both
position  0.000000  7.620000  size  1.700000  1.700000  orientation 0.00
drill  1.000000
shape_offset  0.000000  0.000000
$EndPAD
$PAD "3"
Shape Oval Layer both
position  0.000000  5.080000  size  1.700000  1.700000  orientation 0.00
drill  1.000000
shape_offset  0.000000  0.000000
$EndPAD
$PAD "2"
Shape Oval Layer both
position  0.000000  2.540000  size  1.700000  1.700000  orientation 0.00
drill  1.000000
shape_offset  0.000000  0.000000
$EndPAD
$PAD "1"
Shape Rect Layer both
position  0.000000  0.000000  size  1.700000  1.700000  orientation 0.00
drill  1.000000
shape_offset  0.000000  0.000000
$EndPAD
$EndMODULE  J8

$MODULE "R4"
reference "R4"
value "XX"
footprint "Resistor_THT:R_Axial_DIN0207_L6.3mm_D2.5mm_P2.54mm_Vertical"
attribut none
position 68.986400 32.918400  orientation 270.00
layer front
$PAD "2"
Shape Oval Layer both
position  2.540000  0.000000  size  1.600000  1.600000  orientation 0.00
drill  0.800000
shape_offset  0.000000  0.000000
$EndPAD
$PAD "1"
Shape Circle Layer both
position  0.000000  0.000000  size  1.600000  1.600000  orientation 0.00
drill  0.800000
shape_offset  0.000000  0.000000
$EndPAD
$EndMODULE  R4

$MODULE "PS2"
reference "PS2"
value "SKMW30F-05"
footprint "SKMW30G-12:SKMW30G12"
attribut none
position 83.312000 87.630000  orientation 0.00
layer front
$PAD "6"
Shape Circle Layer both
position -12.700000  0.000000  size  1.900000  1.900000  orientation 90.00
drill  1.300000
shape_offset  0.000000  0.000000
$EndPAD
$PAD "5"
Shape Circle Layer both
position -12.700000 -20.320000  size  1.900000  1.900000  orientation 90.00
drill  1.300000
shape_offset  0.000000  0.000000
$EndPAD
$PAD "4"
Shape Circle Layer both
position -2.540000 -20.320000  size  1.900000  1.900000  orientation 90.00
drill  1.300000
shape_offset  0.000000  0.000000
$EndPAD
$PAD "3"
Shape Circle Layer both
position  7.620000 -20.320000  size  1.900000  1.900000  orientation 90.00
drill  1.300000
shape_offset  0.000000  0.000000
$EndPAD
$PAD "2"
Shape Circle Layer both
position -5.080000  0.000000  size  1.900000  1.900000  orientation 90.00
drill  1.300000
shape_offset  0.000000  0.000000
$EndPAD
$PAD "1"
Shape Circle Layer both
position  0.000000  0.000000  size  1.900000  1.900000  orientation 90.00
drill  1.300000
shape_offset  0.000000  0.000000
$EndPAD
$EndMODULE  PS2

$MODULE "R18"
reference "R18"
value "3.9k"
footprint "Resistor_THT:R_Axial_DIN0207_L6.3mm_D2.5mm_P2.54mm_Vertical"
attribut none
position 102.616000 30.988000  orientation 270.00
layer front
$PAD "2"
Shape Oval Layer both
position  2.540000  0.000000  size  1.600000  1.600000  orientation 0.00
drill  0.800000
shape_offset  0.000000  0.000000
$EndPAD
$PAD "1"
Shape Circle Layer both
position  0.000000  0.000000  size  1.600000  1.600000  orientation 0.00
drill  0.800000
shape_offset  0.000000  0.000000
$EndPAD
$EndMODULE  R18

$MODULE "R17"
reference "R17"
value "560"
footprint "Resistor_THT:R_Axial_DIN0207_L6.3mm_D2.5mm_P2.54mm_Vertical"
attribut none
position 102.616000 80.518000  orientation 90.00
layer front
$PAD "2"
Shape Oval Layer both
position  2.540000  0.000000  size  1.600000  1.600000  orientation 0.00
drill  0.800000
shape_offset  0.000000  0.000000
$EndPAD
$PAD "1"
Shape Circle Layer both
position  0.000000  0.000000  size  1.600000  1.600000  orientation 0.00
drill  0.800000
shape_offset  0.000000  0.000000
$EndPAD
$EndMODULE  R17

$MODULE "R16"
reference "R16"
value "2k"
footprint "Resistor_THT:R_Axial_DIN0207_L6.3mm_D2.5mm_P2.54mm_Vertical"
attribut none
position 98.298000 57.404000  orientation 270.00
layer front
$PAD "2"
Shape Oval Layer both
position  2.540000  0.000000  size  1.600000  1.600000  orientation 0.00
drill  0.800000
shape_offset  0.000000  0.000000
$EndPAD
$PAD "1"
Shape Circle Layer both
position  0.000000  0.000000  size  1.600000  1.600000  orientation 0.00
drill  0.800000
shape_offset  0.000000  0.000000
$EndPAD
$EndMODULE  R16

$MODULE "R15"
reference "R15"
value "10k"
footprint "Resistor_THT:R_Axial_DIN0207_L6.3mm_D2.5mm_P2.54mm_Vertical"
attribut none
position 95.250000 57.404000  orientation 270.00
layer front
$PAD "2"
Shape Oval Layer both
position  2.540000  0.000000  size  1.600000  1.600000  orientation 0.00
drill  0.800000
shape_offset  0.000000  0.000000
$EndPAD
$PAD "1"
Shape Circle Layer both
position  0.000000  0.000000  size  1.600000  1.600000  orientation 0.00
drill  0.800000
shape_offset  0.000000  0.000000
$EndPAD
$EndMODULE  R15

$MODULE "R14"
reference "R14"
value "10k"
footprint "Resistor_THT:R_Axial_DIN0207_L6.3mm_D2.5mm_P2.54mm_Vertical"
attribut none
position 92.202000 57.404000  orientation 270.00
layer front
$PAD "2"
Shape Oval Layer both
position  2.540000  0.000000  size  1.600000  1.600000  orientation 0.00
drill  0.800000
shape_offset  0.000000  0.000000
$EndPAD
$PAD "1"
Shape Circle Layer both
position  0.000000  0.000000  size  1.600000  1.600000  orientation 0.00
drill  0.800000
shape_offset  0.000000  0.000000
$EndPAD
$EndMODULE  R14

$MODULE "R13"
reference "R13"
value "1k"
footprint "Resistor_THT:R_Axial_DIN0207_L6.3mm_D2.5mm_P2.54mm_Vertical"
attribut none
position 63.500000 90.170000  orientation 0.00
layer front
$PAD "2"
Shape Oval Layer both
position  2.540000  0.000000  size  1.600000  1.600000  orientation 0.00
drill  0.800000
shape_offset  0.000000  0.000000
$EndPAD
$PAD "1"
Shape Circle Layer both
position  0.000000  0.000000  size  1.600000  1.600000  orientation 0.00
drill  0.800000
shape_offset  0.000000  0.000000
$EndPAD
$EndMODULE  R13

$MODULE "R12"
reference "R12"
value "1k"
footprint "Resistor_THT:R_Axial_DIN0207_L6.3mm_D2.5mm_P2.54mm_Vertical"
attribut none
position 64.262000 44.450000  orientation 270.00
layer front
$PAD "2"
Shape Oval Layer both
position  2.540000  0.000000  size  1.600000  1.600000  orientation 0.00
drill  0.800000
shape_offset  0.000000  0.000000
$EndPAD
$PAD "1"
Shape Circle Layer both
position  0.000000  0.000000  size  1.600000  1.600000  orientation 0.00
drill  0.800000
shape_offset  0.000000  0.000000
$EndPAD
$EndMODULE  R12

$MODULE "R11"
reference "R11"
value "1k"
footprint "Resistor_THT:R_Axial_DIN0207_L6.3mm_D2.5mm_P2.54mm_Vertical"
attribut none
position 79.248000 59.690000  orientation 270.00
layer front
$PAD "2"
Shape Oval Layer both
position  2.540000  0.000000  size  1.600000  1.600000  orientation 0.00
drill  0.800000
shape_offset  0.000000  0.000000
$EndPAD
$PAD "1"
Shape Circle Layer both
position  0.000000  0.000000  size  1.600000  1.600000  orientation 0.00
drill  0.800000
shape_offset  0.000000  0.000000
$EndPAD
$EndMODULE  R11

$MODULE "R10"
reference "R10"
value "220"
footprint "Resistor_THT:R_Axial_DIN0207_L6.3mm_D2.5mm_P2.54mm_Vertical"
attribut none
position 103.632000 107.924600  orientation 270.00
layer front
$PAD "2"
Shape Oval Layer both
position  2.540000  0.000000  size  1.600000  1.600000  orientation 0.00
drill  0.800000
shape_offset  0.000000  0.000000
$EndPAD
$PAD "1"
Shape Circle Layer both
position  0.000000  0.000000  size  1.600000  1.600000  orientation 0.00
drill  0.800000
shape_offset  0.000000  0.000000
$EndPAD
$EndMODULE  R10

$MODULE "R9"
reference "R9"
value "xx"
footprint "Resistor_THT:R_Axial_DIN0207_L6.3mm_D2.5mm_P2.54mm_Vertical"
attribut none
position 98.552000 85.598000  orientation 180.00
layer front
$PAD "2"
Shape Oval Layer both
position  2.540000  0.000000  size  1.600000  1.600000  orientation 0.00
drill  0.800000
shape_offset  0.000000  0.000000
$EndPAD
$PAD "1"
Shape Circle Layer both
position  0.000000  0.000000  size  1.600000  1.600000  orientation 0.00
drill  0.800000
shape_offset  0.000000  0.000000
$EndPAD
$EndMODULE  R9

$MODULE "R7"
reference "R7"
value "24.872K"
footprint "Resistor_THT:R_Axial_DIN0207_L6.3mm_D2.5mm_P2.54mm_Vertical"
attribut none
position 69.037200 38.049200  orientation 270.00
layer front
$PAD "2"
Shape Oval Layer both
position  2.540000  0.000000  size  1.600000  1.600000  orientation 0.00
drill  0.800000
shape_offset  0.000000  0.000000
$EndPAD
$PAD "1"
Shape Circle Layer both
position  0.000000  0.000000  size  1.600000  1.600000  orientation 0.00
drill  0.800000
shape_offset  0.000000  0.000000
$EndPAD
$EndMODULE  R7

$MODULE "R6"
reference "R6"
value "2.87K"
footprint "Resistor_THT:R_Axial_DIN0207_L6.3mm_D2.5mm_P2.54mm_Vertical"
attribut none
position 62.585600 41.046400  orientation 90.00
layer front
$PAD "2"
Shape Oval Layer both
position  2.540000  0.000000  size  1.600000  1.600000  orientation 0.00
drill  0.800000
shape_offset  0.000000  0.000000
$EndPAD
$PAD "1"
Shape Circle Layer both
position  0.000000  0.000000  size  1.600000  1.600000  orientation 0.00
drill  0.800000
shape_offset  0.000000  0.000000
$EndPAD
$EndMODULE  R6

$MODULE "R5"
reference "R5"
value "20K"
footprint "Resistor_THT:R_Axial_DIN0207_L6.3mm_D2.5mm_P2.54mm_Vertical"
attribut none
position 65.836800 35.814000  orientation 270.00
layer front
$PAD "2"
Shape Oval Layer both
position  2.540000  0.000000  size  1.600000  1.600000  orientation 0.00
drill  0.800000
shape_offset  0.000000  0.000000
$EndPAD
$PAD "1"
Shape Circle Layer both
position  0.000000  0.000000  size  1.600000  1.600000  orientation 0.00
drill  0.800000
shape_offset  0.000000  0.000000
$EndPAD
$EndMODULE  R5

$MODULE "R3"
reference "R3"
value "1.27k 0.1%"
footprint "Resistor_THT:R_Axial_DIN0207_L6.3mm_D2.5mm_P2.54mm_Vertical"
attribut none
position 45.466000 37.033200  orientation 90.00
layer front
$PAD "2"
Shape Oval Layer both
position  2.540000  0.000000  size  1.600000  1.600000  orientation 0.00
drill  0.800000
shape_offset  0.000000  0.000000
$EndPAD
$PAD "1"
Shape Circle Layer both
position  0.000000  0.000000  size  1.600000  1.600000  orientation 0.00
drill  0.800000
shape_offset  0.000000  0.000000
$EndPAD
$EndMODULE  R3

$MODULE "R2"
reference "R2"
value "7.87k 0.1%"
footprint "Resistor_THT:R_Axial_DIN0207_L6.3mm_D2.5mm_P2.54mm_Vertical"
attribut none
position 54.432200 44.983400  orientation 180.00
layer front
$PAD "2"
Shape Oval Layer both
position  2.540000  0.000000  size  1.600000  1.600000  orientation 0.00
drill  0.800000
shape_offset  0.000000  0.000000
$EndPAD
$PAD "1"
Shape Circle Layer both
position  0.000000  0.000000  size  1.600000  1.600000  orientation 0.00
drill  0.800000
shape_offset  0.000000  0.000000
$EndPAD
$EndMODULE  R2

$MODULE "R1"
reference "R1"
value "10k"
footprint "Resistor_THT:R_Axial_DIN0207_L6.3mm_D2.5mm_P2.54mm_Vertical"
attribut none
position 56.896000 39.370000  orientation 270.00
layer front
$PAD "2"
Shape Oval Layer both
position  2.540000  0.000000  size  1.600000  1.600000  orientation 0.00
drill  0.800000
shape_offset  0.000000  0.000000
$EndPAD
$PAD "1"
Shape Circle Layer both
position  0.000000  0.000000  size  1.600000  1.600000  orientation 0.00
drill  0.800000
shape_offset  0.000000  0.000000
$EndPAD
$EndMODULE  R1

$MODULE "Q5"
reference "Q5"
value "2N7000"
footprint "Package_TO_SOT_THT:TO-92_Inline"
attribut none
position 88.392000 59.944000  orientation 90.00
layer front
$PAD "1"
Shape Rect Layer both
position  0.000000  0.000000  size  1.050000  1.500000  orientation 0.00
drill  0.750000
shape_offset  0.000000  0.000000
$EndPAD
$PAD "3"
Shape Oval Layer both
position  2.540000  0.000000  size  1.050000  1.500000  orientation 0.00
drill  0.750000
shape_offset  0.000000  0.000000
$EndPAD
$PAD "2"
Shape Oval Layer both
position  1.270000  0.000000  size  1.050000  1.500000  orientation 0.00
drill  0.750000
shape_offset  0.000000  0.000000
$EndPAD
$EndMODULE  Q5

$MODULE "Q3"
reference "Q3"
value "2N7000"
footprint "Package_TO_SOT_THT:TO-92_Inline"
attribut none
position 83.566000 59.944000  orientation 90.00
layer front
$PAD "1"
Shape Rect Layer both
position  0.000000  0.000000  size  1.050000  1.500000  orientation 0.00
drill  0.750000
shape_offset  0.000000  0.000000
$EndPAD
$PAD "3"
Shape Oval Layer both
position  2.540000  0.000000  size  1.050000  1.500000  orientation 0.00
drill  0.750000
shape_offset  0.000000  0.000000
$EndPAD
$PAD "2"
Shape Oval Layer both
position  1.270000  0.000000  size  1.050000  1.500000  orientation 0.00
drill  0.750000
shape_offset  0.000000  0.000000
$EndPAD
$EndMODULE  Q3

$MODULE "Q2"
reference "Q2"
value "2N7000"
footprint "Package_TO_SOT_THT:TO-92_Inline"
attribut none
position 68.580000 46.990000  orientation 90.00
layer front
$PAD "1"
Shape Rect Layer both
position  0.000000  0.000000  size  1.050000  1.500000  orientation 0.00
drill  0.750000
shape_offset  0.000000  0.000000
$EndPAD
$PAD "3"
Shape Oval Layer both
position  2.540000  0.000000  size  1.050000  1.500000  orientation 0.00
drill  0.750000
shape_offset  0.000000  0.000000
$EndPAD
$PAD "2"
Shape Oval Layer both
position  1.270000  0.000000  size  1.050000  1.500000  orientation 0.00
drill  0.750000
shape_offset  0.000000  0.000000
$EndPAD
$EndMODULE  Q2

$MODULE "Q1"
reference "Q1"
value "2N7000"
footprint "Package_TO_SOT_THT:TO-92_Inline"
attribut none
position 59.436000 90.424000  orientation 90.00
layer front
$PAD "1"
Shape Rect Layer both
position  0.000000  0.000000  size  1.050000  1.500000  orientation 0.00
drill  0.750000
shape_offset  0.000000  0.000000
$EndPAD
$PAD "3"
Shape Oval Layer both
position  2.540000  0.000000  size  1.050000  1.500000  orientation 0.00
drill  0.750000
shape_offset  0.000000  0.000000
$EndPAD
$PAD "2"
Shape Oval Layer both
position  1.270000  0.000000  size  1.050000  1.500000  orientation 0.00
drill  0.750000
shape_offset  0.000000  0.000000
$EndPAD
$EndMODULE  Q1

$MODULE "F2"
reference "F2"
value "3413_0328_22"
footprint "Fuse:Fuse_Littelfuse_372_D8.50mm"
attribut none
position 97.282000 93.472000  orientation 0.00
layer front
$PAD "2"
Shape Circle Layer both
position  5.080000  0.000000  size  2.000000  2.000000  orientation 0.00
drill  1.000000
shape_offset  0.000000  0.000000
$EndPAD
$PAD "1"
Shape Circle Layer both
position  0.000000  0.000000  size  2.000000  2.000000  orientation 0.00
drill  1.000000
shape_offset  0.000000  0.000000
$EndPAD
$EndMODULE  F2

$MODULE "F1"
reference "F1"
value "3413_0328_22"
footprint "Fuse:Fuse_Littelfuse_372_D8.50mm"
attribut none
position 49.276000 34.798000  orientation 0.00
layer front
$PAD "2"
Shape Circle Layer both
position  5.080000  0.000000  size  2.000000  2.000000  orientation 0.00
drill  1.000000
shape_offset  0.000000  0.000000
$EndPAD
$PAD "1"
Shape Circle Layer both
position  0.000000  0.000000  size  2.000000  2.000000  orientation 0.00
drill  1.000000
shape_offset  0.000000  0.000000
$EndPAD
$EndMODULE  F1

$MODULE "D6"
reference "D6"
value "LTST-C171KRKT"
footprint "LED_THT:LED_D3.0mm_Clear"
attribut none
position 101.498400 104.013000  orientation 0.00
layer front
$PAD "2"
Shape Circle Layer both
position  2.540000  0.000000  size  1.800000  1.800000  orientation 0.00
drill  0.900000
shape_offset  0.000000  0.000000
$EndPAD
$PAD "1"
Shape Rect Layer both
position  0.000000  0.000000  size  1.800000  1.800000  orientation 0.00
drill  0.900000
shape_offset  0.000000  0.000000
$EndPAD
$EndMODULE  D6

$MODULE "D5"
reference "D5"
value "LTST-C171KRKT"
footprint "LED_THT:LED_D3.0mm_Clear"
attribut none
position 97.536000 78.486000  orientation 270.00
layer front
$PAD "2"
Shape Circle Layer both
position  2.540000  0.000000  size  1.800000  1.800000  orientation 0.00
drill  0.900000
shape_offset  0.000000  0.000000
$EndPAD
$PAD "1"
Shape Rect Layer both
position  0.000000  0.000000  size  1.800000  1.800000  orientation 0.00
drill  0.900000
shape_offset  0.000000  0.000000
$EndPAD
$EndMODULE  D5

$MODULE "D4"
reference "D4"
value "LTST-C171KRKT"
footprint "LED_THT:LED_D3.0mm_Clear"
attribut none
position 98.806000 30.734000  orientation 270.00
layer front
$PAD "2"
Shape Circle Layer both
position  2.540000  0.000000  size  1.800000  1.800000  orientation 0.00
drill  0.900000
shape_offset  0.000000  0.000000
$EndPAD
$PAD "1"
Shape Rect Layer both
position  0.000000  0.000000  size  1.800000  1.800000  orientation 0.00
drill  0.900000
shape_offset  0.000000  0.000000
$EndPAD
$EndMODULE  D4

$MODULE "D3"
reference "D3"
value "LTST-C171KRKT"
footprint "LED_THT:LED_D3.0mm_Clear"
attribut none
position 102.108000 57.150000  orientation 270.00
layer front
$PAD "2"
Shape Circle Layer both
position  2.540000  0.000000  size  1.800000  1.800000  orientation 0.00
drill  0.900000
shape_offset  0.000000  0.000000
$EndPAD
$PAD "1"
Shape Rect Layer both
position  0.000000  0.000000  size  1.800000  1.800000  orientation 0.00
drill  0.900000
shape_offset  0.000000  0.000000
$EndPAD
$EndMODULE  D3

$MODULE "D2"
reference "D2"
value "LTST-C171KRKT"
footprint "LED_THT:LED_D3.0mm_Clear"
attribut none
position 58.674000 34.036000  orientation 270.00
layer front
$PAD "2"
Shape Circle Layer both
position  2.540000  0.000000  size  1.800000  1.800000  orientation 0.00
drill  0.900000
shape_offset  0.000000  0.000000
$EndPAD
$PAD "1"
Shape Rect Layer both
position  0.000000  0.000000  size  1.800000  1.800000  orientation 0.00
drill  0.900000
shape_offset  0.000000  0.000000
$EndPAD
$EndMODULE  D2

$MODULE "C18"
reference "C18"
value "0.1UF"
footprint "Capacitor_THT:C_Rect_L7.0mm_W2.0mm_P5.00mm"
attribut none
position 97.536000 75.438000  orientation 0.00
layer front
$PAD "2"
Shape Circle Layer both
position  5.000000  0.000000  size  1.600000  1.600000  orientation 0.00
drill  0.800000
shape_offset  0.000000  0.000000
$EndPAD
$PAD "1"
Shape Circle Layer both
position  0.000000  0.000000  size  1.600000  1.600000  orientation 0.00
drill  0.800000
shape_offset  0.000000  0.000000
$EndPAD
$EndMODULE  C18

$MODULE "C17"
reference "C17"
value "10UF"
footprint "Capacitor_THT:C_Rect_L7.0mm_W2.0mm_P5.00mm"
attribut none
position 97.536000 72.644000  orientation 0.00
layer front
$PAD "2"
Shape Circle Layer both
position  5.000000  0.000000  size  1.600000  1.600000  orientation 0.00
drill  0.800000
shape_offset  0.000000  0.000000
$EndPAD
$PAD "1"
Shape Circle Layer both
position  0.000000  0.000000  size  1.600000  1.600000  orientation 0.00
drill  0.800000
shape_offset  0.000000  0.000000
$EndPAD
$EndMODULE  C17

$MODULE "C16"
reference "C16"
value "1NF 2KV"
footprint "Capacitor_THT:C_Rect_L7.0mm_W2.0mm_P5.00mm"
attribut none
position 97.891600 37.363400  orientation 0.00
layer front
$PAD "2"
Shape Circle Layer both
position  5.000000  0.000000  size  1.600000  1.600000  orientation 0.00
drill  0.800000
shape_offset  0.000000  0.000000
$EndPAD
$PAD "1"
Shape Circle Layer both
position  0.000000  0.000000  size  1.600000  1.600000  orientation 0.00
drill  0.800000
shape_offset  0.000000  0.000000
$EndPAD
$EndMODULE  C16

$MODULE "C15"
reference "C15"
value "0.1UF"
footprint "Capacitor_THT:C_Rect_L7.0mm_W2.0mm_P5.00mm"
attribut none
position 56.134000 71.932800  orientation 90.00
layer front
$PAD "2"
Shape Circle Layer both
position  5.000000  0.000000  size  1.600000  1.600000  orientation 0.00
drill  0.800000
shape_offset  0.000000  0.000000
$EndPAD
$PAD "1"
Shape Circle Layer both
position  0.000000  0.000000  size  1.600000  1.600000  orientation 0.00
drill  0.800000
shape_offset  0.000000  0.000000
$EndPAD
$EndMODULE  C15

$MODULE "C14"
reference "C14"
value "4.7UF 50V"
footprint "Capacitor_THT:C_Rect_L7.0mm_W2.0mm_P5.00mm"
attribut none
position 62.484000 30.560000  orientation 270.00
layer front
$PAD "2"
Shape Circle Layer both
position  5.000000  0.000000  size  1.600000  1.600000  orientation 0.00
drill  0.800000
shape_offset  0.000000  0.000000
$EndPAD
$PAD "1"
Shape Circle Layer both
position  0.000000  0.000000  size  1.600000  1.600000  orientation 0.00
drill  0.800000
shape_offset  0.000000  0.000000
$EndPAD
$EndMODULE  C14

$MODULE "C13"
reference "C13"
value "10UF"
footprint "Capacitor_THT:C_Rect_L7.0mm_W2.0mm_P5.00mm"
attribut none
position 55.930800 78.413600  orientation 270.00
layer front
$PAD "2"
Shape Circle Layer both
position  5.000000  0.000000  size  1.600000  1.600000  orientation 0.00
drill  0.800000
shape_offset  0.000000  0.000000
$EndPAD
$PAD "1"
Shape Circle Layer both
position  0.000000  0.000000  size  1.600000  1.600000  orientation 0.00
drill  0.800000
shape_offset  0.000000  0.000000
$EndPAD
$EndMODULE  C13

$MODULE "C1"
reference "C1"
value "0.1u"
footprint "Capacitor_THT:C_Rect_L7.0mm_W2.5mm_P5.00mm"
attribut none
position 48.691800 46.587400  orientation 270.00
layer front
$PAD "2"
Shape Circle Layer both
position  5.000000  0.000000  size  1.600000  1.600000  orientation 0.00
drill  0.800000
shape_offset  0.000000  0.000000
$EndPAD
$PAD "1"
Shape Circle Layer both
position  0.000000  0.000000  size  1.600000  1.600000  orientation 0.00
drill  0.800000
shape_offset  0.000000  0.000000
$EndPAD
$EndMODULE  C1

$MODULE "G***"
reference "G***"
value "LOGO"
footprint "cidco:logo cidco"
attribut none
position 43.815000 78.308200  orientation 0.00
layer front
$EndMODULE  G***

$MODULE "J16"
reference "J16"
value "Conn_01x02"
footprint "Connector_JST:JST_EH_B2B-EH-A_1x02_P2.50mm_Vertical"
attribut none
position 108.585000 65.405000  orientation 0.00
layer front
$PAD "2"
Shape Oval Layer both
position  2.500000  0.000000  size  1.700000  2.000000  orientation 0.00
drill  1.000000
shape_offset  0.000000  0.000000
$EndPAD
$PAD "1"
Shape Roundrect Layer both
position  0.000000  0.000000  size  1.700000  2.000000  orientation 0.00
drill  1.000000
shape_offset  0.000000  0.000000
$EndPAD
$EndMODULE  J16

$MODULE "J15"
reference "J15"
value "Conn_01x02"
footprint "Connector_JST:JST_EH_B2B-EH-A_1x02_P2.50mm_Vertical"
attribut none
position 108.585000 71.120000  orientation 0.00
layer front
$PAD "2"
Shape Oval Layer both
position  2.500000  0.000000  size  1.700000  2.000000  orientation 0.00
drill  1.000000
shape_offset  0.000000  0.000000
$EndPAD
$PAD "1"
Shape Roundrect Layer both
position  0.000000  0.000000  size  1.700000  2.000000  orientation 0.00
drill  1.000000
shape_offset  0.000000  0.000000
$EndPAD
$EndMODULE  J15

$MODULE "J14"
reference "J14"
value "Conn_01x02"
footprint "Connector_JST:JST_EH_B2B-EH-A_1x02_P2.50mm_Vertical"
attribut none
position 108.585000 76.835000  orientation 0.00
layer front
$PAD "2"
Shape Oval Layer both
position  2.500000  0.000000  size  1.700000  2.000000  orientation 0.00
drill  1.000000
shape_offset  0.000000  0.000000
$EndPAD
$PAD "1"
Shape Roundrect Layer both
position  0.000000  0.000000  size  1.700000  2.000000  orientation 0.00
drill  1.000000
shape_offset  0.000000  0.000000
$EndPAD
$EndMODULE  J14

$MODULE "J13"
reference "J13"
value "Conn_01x02"
footprint "Connector_JST:JST_EH_B2B-EH-A_1x02_P2.50mm_Vertical"
attribut none
position 108.585000 41.910000  orientation 0.00
layer front
$PAD "2"
Shape Oval Layer both
position  2.500000  0.000000  size  1.700000  2.000000  orientation 0.00
drill  1.000000
shape_offset  0.000000  0.000000
$EndPAD
$PAD "1"
Shape Roundrect Layer both
position  0.000000  0.000000  size  1.700000  2.000000  orientation 0.00
drill  1.000000
shape_offset  0.000000  0.000000
$EndPAD
$EndMODULE  J13

$MODULE "J12"
reference "J12"
value "Conn_01x02"
footprint "Connector_JST:JST_EH_B2B-EH-A_1x02_P2.50mm_Vertical"
attribut none
position 108.585000 36.195000  orientation 0.00
layer front
$PAD "2"
Shape Oval Layer both
position  2.500000  0.000000  size  1.700000  2.000000  orientation 0.00
drill  1.000000
shape_offset  0.000000  0.000000
$EndPAD
$PAD "1"
Shape Roundrect Layer both
position  0.000000  0.000000  size  1.700000  2.000000  orientation 0.00
drill  1.000000
shape_offset  0.000000  0.000000
$EndPAD
$EndMODULE  J12

$MODULE "J11"
reference "J11"
value "Conn_01x02"
footprint "Connector_JST:JST_EH_B2B-EH-A_1x02_P2.50mm_Vertical"
attribut none
position 108.585000 30.480000  orientation 0.00
layer front
$PAD "2"
Shape Oval Layer both
position  2.500000  0.000000  size  1.700000  2.000000  orientation 0.00
drill  1.000000
shape_offset  0.000000  0.000000
$EndPAD
$PAD "1"
Shape Roundrect Layer both
position  0.000000  0.000000  size  1.700000  2.000000  orientation 0.00
drill  1.000000
shape_offset  0.000000  0.000000
$EndPAD
$EndMODULE  J11

$MODULE "J10"
reference "J10"
value "Conn_01x02"
footprint "Connector_JST:JST_EH_B2B-EH-A_1x02_P2.50mm_Vertical"
attribut none
position 108.585000 59.055000  orientation 0.00
layer front
$PAD "2"
Shape Oval Layer both
position  2.500000  0.000000  size  1.700000  2.000000  orientation 0.00
drill  1.000000
shape_offset  0.000000  0.000000
$EndPAD
$PAD "1"
Shape Roundrect Layer both
position  0.000000  0.000000  size  1.700000  2.000000  orientation 0.00
drill  1.000000
shape_offset  0.000000  0.000000
$EndPAD
$EndMODULE  J10

$MODULE "J9"
reference "J9"
value "Conn_01x02"
footprint "Connector_JST:JST_EH_B2B-EH-A_1x02_P2.50mm_Vertical"
attribut none
position 108.585000 47.625000  orientation 0.00
layer front
$PAD "2"
Shape Oval Layer both
position  2.500000  0.000000  size  1.700000  2.000000  orientation 0.00
drill  1.000000
shape_offset  0.000000  0.000000
$EndPAD
$PAD "1"
Shape Roundrect Layer both
position  0.000000  0.000000  size  1.700000  2.000000  orientation 0.00
drill  1.000000
shape_offset  0.000000  0.000000
$EndPAD
$EndMODULE  J9

$MODULE "J6"
reference "J6"
value "Conn_01x02"
footprint "Connector_JST:JST_EH_B2B-EH-A_1x02_P2.50mm_Vertical"
attribut none
position 108.585000 53.340000  orientation 0.00
layer front
$PAD "2"
Shape Oval Layer both
position  2.500000  0.000000  size  1.700000  2.000000  orientation 0.00
drill  1.000000
shape_offset  0.000000  0.000000
$EndPAD
$PAD "1"
Shape Roundrect Layer both
position  0.000000  0.000000  size  1.700000  2.000000  orientation 0.00
drill  1.000000
shape_offset  0.000000  0.000000
$EndPAD
$EndMODULE  J6

$MODULE "J5"
reference "J5"
value "Conn_01x02"
footprint "Connector_JST:JST_EH_B2B-EH-A_1x02_P2.50mm_Vertical"
attribut none
position 108.585000 101.600000  orientation 0.00
layer front
$PAD "2"
Shape Oval Layer both
position  2.500000  0.000000  size  1.700000  2.000000  orientation 0.00
drill  1.000000
shape_offset  0.000000  0.000000
$EndPAD
$PAD "1"
Shape Roundrect Layer both
position  0.000000  0.000000  size  1.700000  2.000000  orientation 0.00
drill  1.000000
shape_offset  0.000000  0.000000
$EndPAD
$EndMODULE  J5

$MODULE "J4"
reference "J4"
value "Conn_01x02"
footprint "Connector_JST:JST_EH_B2B-EH-A_1x02_P2.50mm_Vertical"
attribut none
position 108.585000 95.885000  orientation 0.00
layer front
$PAD "2"
Shape Oval Layer both
position  2.500000  0.000000  size  1.700000  2.000000  orientation 0.00
drill  1.000000
shape_offset  0.000000  0.000000
$EndPAD
$PAD "1"
Shape Roundrect Layer both
position  0.000000  0.000000  size  1.700000  2.000000  orientation 0.00
drill  1.000000
shape_offset  0.000000  0.000000
$EndPAD
$EndMODULE  J4

$MODULE "J3"
reference "J3"
value "Conn_01x02"
footprint "Connector_JST:JST_EH_B2B-EH-A_1x02_P2.50mm_Vertical"
attribut none
position 108.585000 90.170000  orientation 0.00
layer front
$PAD "2"
Shape Oval Layer both
position  2.500000  0.000000  size  1.700000  2.000000  orientation 0.00
drill  1.000000
shape_offset  0.000000  0.000000
$EndPAD
$PAD "1"
Shape Roundrect Layer both
position  0.000000  0.000000  size  1.700000  2.000000  orientation 0.00
drill  1.000000
shape_offset  0.000000  0.000000
$EndPAD
$EndMODULE  J3

$MODULE "C12"
reference "C12"
value "47UF 50V"
footprint "Capacitor_THT:CP_Radial_D6.3mm_P2.50mm"
attribut none
position 85.090000 53.340000  orientation 90.00
layer front
$PAD "2"
Shape Circle Layer both
position  2.500000  0.000000  size  1.600000  1.600000  orientation 0.00
drill  0.800000
shape_offset  0.000000  0.000000
$EndPAD
$PAD "1"
Shape Rect Layer both
position  0.000000  0.000000  size  1.600000  1.600000  orientation 0.00
drill  0.800000
shape_offset  0.000000  0.000000
$EndPAD
$EndMODULE  C12

$MODULE "C11"
reference "C11"
value "100UF 50V"
footprint "Capacitor_THT:CP_Radial_D8.0mm_P5.00mm"
attribut none
position 66.040000 53.380000  orientation 270.00
layer front
$PAD "2"
Shape Circle Layer both
position  5.000000  0.000000  size  1.600000  1.600000  orientation 0.00
drill  0.800000
shape_offset  0.000000  0.000000
$EndPAD
$PAD "1"
Shape Rect Layer both
position  0.000000  0.000000  size  1.600000  1.600000  orientation 0.00
drill  0.800000
shape_offset  0.000000  0.000000
$EndPAD
$EndMODULE  C11

$MODULE "C10"
reference "C10"
value "47UF 35V"
footprint "Capacitor_THT:CP_Radial_D6.3mm_P2.50mm"
attribut none
position 64.262000 83.058000  orientation 270.00
layer front
$PAD "2"
Shape Circle Layer both
position  2.500000  0.000000  size  1.600000  1.600000  orientation 0.00
drill  0.800000
shape_offset  0.000000  0.000000
$EndPAD
$PAD "1"
Shape Rect Layer both
position  0.000000  0.000000  size  1.600000  1.600000  orientation 0.00
drill  0.800000
shape_offset  0.000000  0.000000
$EndPAD
$EndMODULE  C10

$MODULE "C9"
reference "C9"
value "330UF 50V"
footprint "Capacitor_THT:CP_Radial_D10.0mm_P5.00mm"
attribut none
position 49.276000 25.400000  orientation 180.00
layer front
$PAD "2"
Shape Circle Layer both
position  5.000000  0.000000  size  2.000000  2.000000  orientation 0.00
drill  1.000000
shape_offset  0.000000  0.000000
$EndPAD
$PAD "1"
Shape Rect Layer both
position  0.000000  0.000000  size  2.000000  2.000000  orientation 0.00
drill  1.000000
shape_offset  0.000000  0.000000
$EndPAD
$EndMODULE  C9

$MODULE "C8"
reference "C8"
value "100UF 35V"
footprint "Capacitor_THT:CP_Radial_D8.0mm_P5.00mm"
attribut none
position 62.992000 67.564000  orientation 90.00
layer front
$PAD "2"
Shape Circle Layer both
position  5.000000  0.000000  size  1.600000  1.600000  orientation 0.00
drill  0.800000
shape_offset  0.000000  0.000000
$EndPAD
$PAD "1"
Shape Rect Layer both
position  0.000000  0.000000  size  1.600000  1.600000  orientation 0.00
drill  0.800000
shape_offset  0.000000  0.000000
$EndPAD
$EndMODULE  C8

$MODULE "C7"
reference "C7"
value "330uf 16v"
footprint "Capacitor_THT:CP_Radial_D8.0mm_P5.00mm"
attribut none
position 99.822000 69.262000  orientation 90.00
layer front
$PAD "2"
Shape Circle Layer both
position  5.000000  0.000000  size  1.600000  1.600000  orientation 0.00
drill  0.800000
shape_offset  0.000000  0.000000
$EndPAD
$PAD "1"
Shape Rect Layer both
position  0.000000  0.000000  size  1.600000  1.600000  orientation 0.00
drill  0.800000
shape_offset  0.000000  0.000000
$EndPAD
$EndMODULE  C7

$MODULE "C5"
reference "C5"
value "47UF 50V"
footprint "Capacitor_THT:CP_Radial_D6.3mm_P2.50mm"
attribut none
position 99.695000 25.400000  orientation 0.00
layer front
$PAD "2"
Shape Circle Layer both
position  2.500000  0.000000  size  1.600000  1.600000  orientation 0.00
drill  0.800000
shape_offset  0.000000  0.000000
$EndPAD
$PAD "1"
Shape Rect Layer both
position  0.000000  0.000000  size  1.600000  1.600000  orientation 0.00
drill  0.800000
shape_offset  0.000000  0.000000
$EndPAD
$EndMODULE  C5

$MODULE "C4"
reference "C4"
value "100UF 50V"
footprint "Capacitor_THT:CP_Radial_D8.0mm_P5.00mm"
attribut none
position 66.548000 26.924000  orientation 90.00
layer front
$PAD "2"
Shape Circle Layer both
position  5.000000  0.000000  size  1.600000  1.600000  orientation 0.00
drill  0.800000
shape_offset  0.000000  0.000000
$EndPAD
$PAD "1"
Shape Rect Layer both
position  0.000000  0.000000  size  1.600000  1.600000  orientation 0.00
drill  0.800000
shape_offset  0.000000  0.000000
$EndPAD
$EndMODULE  C4

$MODULE "C3"
reference "C3"
value "10u 10v"
footprint "Capacitor_THT:CP_Radial_D5.0mm_P2.50mm"
attribut none
position 97.728400 108.762800  orientation 0.00
layer front
$PAD "2"
Shape Circle Layer both
position  2.500000  0.000000  size  1.600000  1.600000  orientation 0.00
drill  0.800000
shape_offset  0.000000  0.000000
$EndPAD
$PAD "1"
Shape Rect Layer both
position  0.000000  0.000000  size  1.600000  1.600000  orientation 0.00
drill  0.800000
shape_offset  0.000000  0.000000
$EndPAD
$EndMODULE  C3

$MODULE "C2"
reference "C2"
value "10u 35v"
footprint "Capacitor_THT:CP_Radial_D5.0mm_P2.50mm"
attribut none
position 77.978000 94.274000  orientation 270.00
layer front
$PAD "2"
Shape Circle Layer both
position  2.500000  0.000000  size  1.600000  1.600000  orientation 0.00
drill  0.800000
shape_offset  0.000000  0.000000
$EndPAD
$PAD "1"
Shape Rect Layer both
position  0.000000  0.000000  size  1.600000  1.600000  orientation 0.00
drill  0.800000
shape_offset  0.000000  0.000000
$EndPAD
$EndMODULE  C2

$MODULE "PS3"
reference "PS3"
value "OKI-78SR-3.3_1.5-W36H-C"
footprint "Converter_DCDC:Converter_DCDC_muRata_OKI-78SR_Horizontal"
attribut none
position 85.852000 93.980000  orientation 0.00
layer front
$PAD "1"
Shape Rect Layer both
position  0.000000  0.000000  size  1.800000  1.800000  orientation 180.00
drill  1.000000
shape_offset  0.000000  0.000000
$EndPAD
$PAD "2"
Shape Circle Layer both
position  2.540000  0.000000  size  1.800000  1.800000  orientation 180.00
drill  1.000000
shape_offset  0.000000  0.000000
$EndPAD
$PAD "3"
Shape Circle Layer both
position  5.080000  0.000000  size  1.800000  1.800000  orientation 180.00
drill  1.000000
shape_offset  0.000000  0.000000
$EndPAD
$EndMODULE  PS3

$MODULE "L1"
reference "L1"
value "1uh"
footprint "digikey-footprints:Inductor_13R106C"
attribut none
position 76.835000 104.140000  orientation 0.00
layer front
$PAD "2"
Shape Circle Layer both
position  2.500000  0.000000  size  2.300000  2.300000  orientation 0.00
drill  1.300000
shape_offset  0.000000  0.000000
$EndPAD
$PAD "1"
Shape Rect Layer both
position -2.500000  0.000000  size  2.300000  2.300000  orientation 0.00
drill  1.300000
shape_offset  0.000000  0.000000
$EndPAD
$EndMODULE  L1

$MODULE "PS1"
reference "PS1"
value "PDQE20-Q24-S5-D"
footprint "PDQE15Q24S5D"
attribut none
position 73.660000 44.450000  orientation 90.00
layer front
$PAD "1"
Shape Circle Layer both
position  0.000000  0.000000  size  2.250000  2.250000  orientation 90.00
drill  1.500000
shape_offset  0.000000  0.000000
$EndPAD
$PAD "2"
Shape Circle Layer both
position  0.000000  7.620000  size  2.250000  2.250000  orientation 90.00
drill  1.500000
shape_offset  0.000000  0.000000
$EndPAD
$PAD "3"
Shape Circle Layer both
position  0.000000 12.700000  size  2.250000  2.250000  orientation 90.00
drill  1.500000
shape_offset  0.000000  0.000000
$EndPAD
$PAD "4"
Shape Circle Layer both
position 20.320000 20.320000  size  2.250000  2.250000  orientation 90.00
drill  1.500000
shape_offset  0.000000  0.000000
$EndPAD
$PAD "5"
Shape Circle Layer both
position 20.320000 10.160000  size  2.250000  2.250000  orientation 90.00
drill  1.500000
shape_offset  0.000000  0.000000
$EndPAD
$PAD "6"
Shape Circle Layer both
position 20.320000  0.000000  size  2.250000  2.250000  orientation 90.00
drill  1.500000
shape_offset  0.000000  0.000000
$EndPAD
$EndMODULE  PS1

$MODULE "J1"
reference "J1"
value "Conn_02x07_Odd_Even"
footprint "Connector_IDC:IDC-Header_2x07_P2.54mm_Vertical_Lock"
attribut none
position 27.940000 99.060000  orientation 180.00
layer front
$PAD ""
Shape Circle Layer both
position  1.270000 -8.890000  size  5.460000  5.460000  orientation -90.00
drill  2.690000
shape_offset  0.000000  0.000000
$EndPAD
$PAD ""
Shape Circle Layer both
position  1.270000 24.130000  size  5.460000  5.460000  orientation -90.00
drill  2.690000
shape_offset  0.000000  0.000000
$EndPAD
$PAD "1"
Shape Rect Layer both
position  0.000000  0.000000  size  1.520000  1.520000  orientation -90.00
drill  0.910000
shape_offset  0.000000  0.000000
$EndPAD
$PAD "2"
Shape Circle Layer both
position  2.540000  0.000000  size  1.520000  1.520000  orientation -90.00
drill  0.910000
shape_offset  0.000000  0.000000
$EndPAD
$PAD "3"
Shape Circle Layer both
position  0.000000  2.540000  size  1.520000  1.520000  orientation -90.00
drill  0.910000
shape_offset  0.000000  0.000000
$EndPAD
$PAD "4"
Shape Circle Layer both
position  2.540000  2.540000  size  1.520000  1.520000  orientation -90.00
drill  0.910000
shape_offset  0.000000  0.000000
$EndPAD
$PAD "5"
Shape Circle Layer both
position  0.000000  5.080000  size  1.520000  1.520000  orientation -90.00
drill  0.910000
shape_offset  0.000000  0.000000
$EndPAD
$PAD "6"
Shape Circle Layer both
position  2.540000  5.080000  size  1.520000  1.520000  orientation -90.00
drill  0.910000
shape_offset  0.000000  0.000000
$EndPAD
$PAD "7"
Shape Circle Layer both
position  0.000000  7.620000  size  1.520000  1.520000  orientation -90.00
drill  0.910000
shape_offset  0.000000  0.000000
$EndPAD
$PAD "8"
Shape Circle Layer both
position  2.540000  7.620000  size  1.520000  1.520000  orientation -90.00
drill  0.910000
shape_offset  0.000000  0.000000
$EndPAD
$PAD "9"
Shape Circle Layer both
position  0.000000 10.160000  size  1.520000  1.520000  orientation -90.00
drill  0.910000
shape_offset  0.000000  0.000000
$EndPAD
$PAD "10"
Shape Circle Layer both
position  2.540000 10.160000  size  1.520000  1.520000  orientation -90.00
drill  0.910000
shape_offset  0.000000  0.000000
$EndPAD
$PAD "11"
Shape Circle Layer both
position  0.000000 12.700000  size  1.520000  1.520000  orientation -90.00
drill  0.910000
shape_offset  0.000000  0.000000
$EndPAD
$PAD "12"
Shape Circle Layer both
position  2.540000 12.700000  size  1.520000  1.520000  orientation -90.00
drill  0.910000
shape_offset  0.000000  0.000000
$EndPAD
$PAD "13"
Shape Circle Layer both
position  0.000000 15.240000  size  1.520000  1.520000  orientation -90.00
drill  0.910000
shape_offset  0.000000  0.000000
$EndPAD
$PAD "14"
Shape Circle Layer both
position  2.540000 15.240000  size  1.520000  1.520000  orientation -90.00
drill  0.910000
shape_offset  0.000000  0.000000
$EndPAD
$EndMODULE  J1

$MODULE "D1"
reference "D1"
value "MBR340"
footprint "Diode_THT:D_DO-201AD_P15.24mm_Horizontal"
attribut none
position 39.370000 30.734000  orientation 270.00
layer front
$PAD "1"
Shape Rect Layer both
position  0.000000  0.000000  size  3.200000  3.200000  orientation 0.00
drill  1.600000
shape_offset  0.000000  0.000000
$EndPAD
$PAD "2"
Shape Oval Layer both
position 15.240000  0.000000  size  3.200000  3.200000  orientation 0.00
drill  1.600000
shape_offset  0.000000  0.000000
$EndPAD
$EndMODULE  D1

$MODULE "U1"
reference "U1"
value "PIC12F1501-IP"
footprint "Package_DIP:DIP-8_W7.62mm"
attribut none
position 37.795200 96.748600  orientation 0.00
layer front
$PAD "1"
Shape Rect Layer both
position  0.000000  0.000000  size  1.600000  1.600000  orientation 0.00
drill  0.800000
shape_offset  0.000000  0.000000
$EndPAD
$PAD "5"
Shape Oval Layer both
position  7.620000  7.620000  size  1.600000  1.600000  orientation 0.00
drill  0.800000
shape_offset  0.000000  0.000000
$EndPAD
$PAD "2"
Shape Oval Layer both
position  0.000000  2.540000  size  1.600000  1.600000  orientation 0.00
drill  0.800000
shape_offset  0.000000  0.000000
$EndPAD
$PAD "6"
Shape Oval Layer both
position  7.620000  5.080000  size  1.600000  1.600000  orientation 0.00
drill  0.800000
shape_offset  0.000000  0.000000
$EndPAD
$PAD "3"
Shape Oval Layer both
position  0.000000  5.080000  size  1.600000  1.600000  orientation 0.00
drill  0.800000
shape_offset  0.000000  0.000000
$EndPAD
$PAD "7"
Shape Oval Layer both
position  7.620000  2.540000  size  1.600000  1.600000  orientation 0.00
drill  0.800000
shape_offset  0.000000  0.000000
$EndPAD
$PAD "4"
Shape Oval Layer both
position  0.000000  7.620000  size  1.600000  1.600000  orientation 0.00
drill  0.800000
shape_offset  0.000000  0.000000
$EndPAD
$PAD "8"
Shape Oval Layer both
position  7.620000  0.000000  size  1.600000  1.600000  orientation 0.00
drill  0.800000
shape_offset  0.000000  0.000000
$EndPAD
$EndMODULE  U1

$MODULE "L2"
reference "L2"
value "13R106C"
footprint "digikey-footprints:Inductor_13R106C"
attribut none
position 62.484000 75.398000  orientation 90.00
layer front
$PAD "1"
Shape Rect Layer both
position -2.500000  0.000000  size  2.300000  2.300000  orientation 0.00
drill  1.300000
shape_offset  0.000000  0.000000
$EndPAD
$PAD "2"
Shape Circle Layer both
position  2.500000  0.000000  size  2.300000  2.300000  orientation 0.00
drill  1.300000
shape_offset  0.000000  0.000000
$EndPAD
$EndMODULE  L2

$MODULE "L3"
reference "L3"
value "2.2UH 4A"
footprint "digikey-footprints:Inductor_13R106C"
attribut none
position 57.110000 25.654000  orientation 180.00
layer front
$PAD "2"
Shape Circle Layer both
position  2.500000  0.000000  size  2.300000  2.300000  orientation 0.00
drill  1.300000
shape_offset  0.000000  0.000000
$EndPAD
$PAD "1"
Shape Rect Layer both
position -2.500000  0.000000  size  2.300000  2.300000  orientation 0.00
drill  1.300000
shape_offset  0.000000  0.000000
$EndPAD
$EndMODULE  L3

$MODULE "L4"
reference "L4"
value "1UH"
footprint "digikey-footprints:Inductor_13R106C"
attribut none
position 75.605000 53.340000  orientation 180.00
layer front
$PAD "1"
Shape Rect Layer both
position -2.500000  0.000000  size  2.300000  2.300000  orientation 0.00
drill  1.300000
shape_offset  0.000000  0.000000
$EndPAD
$PAD "2"
Shape Circle Layer both
position  2.500000  0.000000  size  2.300000  2.300000  orientation 0.00
drill  1.300000
shape_offset  0.000000  0.000000
$EndPAD
$EndMODULE  L4

$MODULE "Q4"
reference "Q4"
value "FQP27P06"
footprint "digikey-footprints:TO-220-3"
attribut none
position 92.710000 53.340000  orientation 0.00
layer front
$PAD "1"
Shape Rect Layer both
position  0.000000  0.000000  size  2.000000  2.000000  orientation 0.00
drill  1.000000
shape_offset  0.000000  0.000000
$EndPAD
$PAD "2"
Shape Circle Layer both
position  2.540000  0.000000  size  2.000000  2.000000  orientation 0.00
drill  1.000000
shape_offset  0.000000  0.000000
$EndPAD
$PAD "3"
Shape Circle Layer both
position  5.080000  0.000000  size  2.000000  2.000000  orientation 0.00
drill  1.000000
shape_offset  0.000000  0.000000
$EndPAD
$EndMODULE  Q4

$MODULE "J7"
reference "J7"
value "OSTTC022162"
footprint "digikey-footprints:Term_Block_1x2_P5.08MM"
attribut none
position 61.595000 107.950000  orientation 0.00
layer front
$PAD "2"
Shape Circle Layer both
position  5.080000  0.000000  size  2.300000  2.300000  orientation 0.00
drill  1.300000
shape_offset  0.000000  0.000000
$EndPAD
$PAD "1"
Shape Rect Layer both
position  0.000000  0.000000  size  2.200000  2.200000  orientation 0.00
drill  1.300000
shape_offset  0.000000  0.000000
$EndPAD
$EndMODULE  J7

$MODULE "J2"
reference "J2"
value "OSTTC022162"
footprint "digikey-footprints:Term_Block_1x2_P5.08MM"
attribut none
position 30.480000 36.195000  orientation 270.00
layer front
$PAD "1"
Shape Rect Layer both
position  0.000000  0.000000  size  2.200000  2.200000  orientation 0.00
drill  1.300000
shape_offset  0.000000  0.000000
$EndPAD
$PAD "2"
Shape Circle Layer both
position  5.080000  0.000000  size  2.300000  2.300000  orientation 0.00
drill  1.300000
shape_offset  0.000000  0.000000
$EndPAD
$EndMODULE  J2

$EndDESCRIPTION
